03/12/2015 18:50:02 server iniciado 0.13.0
03/12/2015 18:50:09 server cerrado.
03/12/2015 18:50:14 server iniciado 0.13.0
05/12/2015 20:32:52 server iniciado 0.13.0
07/12/2015 2:09:51 server iniciado 0.13.0
07/12/2015 2:14:32 server cerrado.
07/12/2015 2:16:04 server iniciado 0.13.0
07/12/2015 23:40:20 server iniciado 0.13.0
07/12/2015 23:44:19 server cerrado.
07/12/2015 23:45:28 server iniciado 0.13.0
08/12/2015 4:49:24 server iniciado 0.13.0
08/12/2015 4:50:14 server cerrado.
08/12/2015 6:25:44 server iniciado 0.13.0
08/12/2015 6:28:21 server iniciado 0.13.0
08/12/2015 6:37:51 server cerrado.
08/12/2015 6:37:56 server iniciado 0.13.0
08/12/2015 7:29:33 server iniciado 0.13.0
08/12/2015 16:55:41 server iniciado 0.13.0
08/12/2015 17:09:36 server iniciado 0.13.0
08/12/2015 17:24:47 server cerrado.
08/12/2015 17:25:11 server iniciado 0.13.0
08/12/2015 20:06:36 server iniciado 0.13.0
08/12/2015 20:08:21 server cerrado.
08/12/2015 20:27:15 server iniciado 0.13.0
08/12/2015 20:32:36 server cerrado.
08/12/2015 21:03:01 server iniciado 0.13.0
08/12/2015 21:05:24 server iniciado 0.13.0
08/12/2015 21:08:56 server cerrado.
08/12/2015 21:09:39 server iniciado 0.13.0
08/12/2015 21:16:50 server cerrado.
08/12/2015 21:19:44 server iniciado 0.13.0
08/12/2015 21:25:15 server cerrado.
08/12/2015 21:26:05 server iniciado 0.13.0
08/12/2015 23:15:25 server iniciado 0.13.0
08/12/2015 23:55:23 server cerrado.
09/12/2015 1:26:25 server iniciado 0.13.0
09/12/2015 1:29:44 server cerrado.
13/12/2015 10:36:59 a.m. server iniciado 0.13.0
13/12/2015 10:38:22 a.m. server cerrado.
13/12/2015 10:38:27 a.m. server iniciado 0.13.0
13/12/2015 10:39:09 a.m. server cerrado.
13/12/2015 10:39:12 a.m. server iniciado 0.13.0
13/12/2015 10:49:23 a.m. server cerrado.
17/12/2015 06:29:47 p.m. server iniciado 0.13.0
2/28/2018 4:37:01 AM server iniciado 0.13.0
2/28/2018 11:42:38 AM server cerrado.
2/28/2018 11:43:11 AM server iniciado 0.13.0
2/28/2018 12:16:15 PM server iniciado 0.13.0
2/28/2018 12:16:22 PM server cerrado.
2/28/2018 12:23:29 PM server iniciado 0.13.0
2/28/2018 12:23:51 PM server cerrado.
2/28/2018 2:08:29 PM server cerrado.
2/28/2018 2:24:27 PM server iniciado 0.13.0
2/28/2018 2:45:45 PM server cerrado.
2/28/2018 3:21:57 PM server iniciado 0.13.0
2/28/2018 3:50:15 PM server cerrado.
2/28/2018 4:06:40 PM server iniciado 0.13.0
2/28/2018 4:19:19 PM server cerrado.
2/28/2018 5:54:10 PM server iniciado 0.13.0
2/28/2018 5:57:07 PM server cerrado.
10/03/2018 4:31:43 server iniciado 0.13.0
10/03/2018 5:28:59 server cerrado.
10/03/2018 5:30:16 server iniciado 0.13.0
10/03/2018 5:36:42 server cerrado.
10/03/2018 5:47:15 server iniciado 0.13.0
10/03/2018 5:50:19 server cerrado.
10/03/2018 5:50:33 server iniciado 0.13.0
10/03/2018 5:53:48 server cerrado.
10/03/2018 5:54:16 server iniciado 0.13.0
10/03/2018 5:57:42 server cerrado.
10/03/2018 6:12:12 server iniciado 0.13.0
10/03/2018 6:21:50 server cerrado.
10/03/2018 6:26:25 server iniciado 0.13.0
10/03/2018 6:29:00 server cerrado.
10/03/2018 6:37:54 server iniciado 0.13.0
10/03/2018 6:41:48 server cerrado.
10/03/2018 6:42:26 server iniciado 0.13.0
10/03/2018 7:04:23 server cerrado.
10/03/2018 7:04:56 server iniciado 0.13.0
10/03/2018 7:07:07 server cerrado.
10/03/2018 7:07:40 server iniciado 0.13.0
10/03/2018 13:59:18 server iniciado 0.13.0
10/03/2018 14:14:42 server cerrado.
10/03/2018 14:15:12 server iniciado 0.13.0
10/03/2018 14:25:04 server cerrado.
10/03/2018 14:26:06 server iniciado 0.13.0
10/03/2018 14:32:54 server cerrado.
10/03/2018 14:34:11 server iniciado 0.13.0
10/03/2018 14:39:12 server cerrado.
10/03/2018 14:42:23 server iniciado 0.13.0
10/03/2018 14:43:49 server cerrado.
10/03/2018 14:44:41 server iniciado 0.13.0
10/03/2018 14:46:39 server cerrado.
10/03/2018 14:49:02 server iniciado 0.13.0
10/03/2018 14:50:03 server cerrado.
10/03/2018 14:51:52 server iniciado 0.13.0
10/03/2018 14:54:39 server cerrado.
10/03/2018 14:58:33 server iniciado 0.13.0
10/03/2018 15:01:04 server cerrado.
10/03/2018 15:43:04 server iniciado 0.13.0
10/03/2018 15:47:46 server cerrado.
10/03/2018 15:53:19 server iniciado 0.13.0
10/03/2018 15:57:17 server cerrado.
3/10/2018 8:55:10 PM server iniciado 0.13.0
3/10/2018 9:37:47 PM server cerrado.
3/10/2018 9:39:10 PM server iniciado 0.13.0
3/10/2018 9:52:55 PM server cerrado.
3/10/2018 10:21:50 PM server iniciado 0.13.0
3/12/2018 10:38:01 PM server iniciado 0.13.0
3/17/2018 9:12:15 PM server iniciado 0.13.0
3/17/2018 9:14:21 PM server cerrado.
3/17/2018 9:48:35 PM server iniciado 0.13.0
3/17/2018 9:55:44 PM server cerrado.
3/17/2018 9:56:41 PM server iniciado 0.13.0
3/17/2018 10:12:18 PM server cerrado.
3/17/2018 10:17:30 PM server iniciado 0.13.0
5/6/2018 7:53:03 PM server iniciado 0.13.0
5/6/2018 10:46:49 PM server cerrado.
5/10/2018 8:47:34 PM server iniciado 0.13.0
5/10/2018 8:49:38 PM server cerrado.
